#
# A fatal error has been detected by the Java Runtime Environment:
#
#  SIGSEGV (0xb) at pc=0x000000010dc46d7c, pid=3170, tid=17155
#
# JRE version: Java(TM) SE Runtime Environment (8.0_73-b02) (build 1.8.0_73-b02)
# Java VM: Java HotSpot(TM) 64-Bit Server VM (25.73-b02 mixed mode bsd-amd64 compressed oops)
# Problematic frame:
# V  [libjvm.dylib+0x446d7c]
#
# Failed to write core dump. Core dumps have been disabled. To enable core dumping, try "ulimit -c unlimited" before starting Java again
#
# If you would like to submit a bug report, please visit:
#   http://bugreport.java.com/bugreport/crash.jsp
#

---------------  T H R E A D  ---------------

Current thread (0x00007fd3a1024800):  JavaThread "JDWP Transport Listener: dt_socket" daemon [_thread_in_vm, id=17155, stack(0x0000700000b3b000,0x0000700000c3b000)]

siginfo: si_signo: 11 (SIGSEGV), si_code: 0 (unknown), si_addr: 0x0000000000000000

Registers:
RAX=0x0000000000000001, RBX=0x0000700000c3aa8b, RCX=0x000000010e015340, RDX=0x0000700000c3aa8b
RSP=0x0000700000c3a9d0, RBP=0x0000700000c3a9e0, RSI=0x00007fd3a1024800, RDI=0x6f63655264657361
R8 =0x0000000000000002, R9 =0x0000000000000000, R10=0x0000000000000003, R11=0x00007fd3a0400000
R12=0x00007fd3a1024800, R13=0x6f63655264657361, R14=0x6f63655264657361, R15=0x00007fd3a04008a0
RIP=0x000000010dc46d7c, EFLAGS=0x0000000000010202, ERR=0x0000000000000000
  TRAPNO=0x000000000000000d

Top of Stack: (sp=0x0000700000c3a9d0)
0x0000700000c3a9d0:   0000700000c3aa8b 0000700000c3aa8b
0x0000700000c3a9e0:   0000700000c3aa40 000000010db55dda
0x0000700000c3a9f0:   00007fd3a1024800 0000000000000000
0x0000700000c3aa00:   0000000000000000 0000000000000000
0x0000700000c3aa10:   00007fd3a1024800 00007fd3a1024800
0x0000700000c3aa20:   0000700000c3aa8b 0000700000c3aa90
0x0000700000c3aa30:   6f63655264657361 0000000000000003
0x0000700000c3aa40:   0000700000c3aa60 000000010e7ad780
0x0000700000c3aa50:   0000000000000001 0000700000c3ab08
0x0000700000c3aa60:   0000700000c3aad0 000000010e7921f3
0x0000700000c3aa70:   0000700000c3aaa0 00007fd3a041e420
0x0000700000c3aa80:   0000000400000032 0000000100c3ab08
0x0000700000c3aa90:   0000000000000000 0000000000000000
0x0000700000c3aaa0:   0000000000000000 0000700000c3ac90
0x0000700000c3aab0:   000000010e7b4e7a 00007fd3a041eea0
0x0000700000c3aac0:   0000700000c3ab08 000000010e7c0598
0x0000700000c3aad0:   0000700000c3aae0 000000010e7922ec
0x0000700000c3aae0:   0000700000c3ad00 000000010e79b898
0x0000700000c3aaf0:   00000ad200000013 00000000000f0200
0x0000700000c3ab00:   00007fd3a045b760 0000700000c3ac3b
0x0000700000c3ab10:   00007fd300000049 0000700000c3ab20
0x0000700000c3ab20:   00000000000000e3 0000700000c3ab58
0x0000700000c3ab30:   0000000000000000 0000000000000000
0x0000700000c3ab40:   00000ad20000001c 00007fff0000c380
0x0000700000c3ab50:   0000700000c3ab58 d37f000004000000
0x0000700000c3ab60:   06000000182672a0 00003e74696e693c
0x0000700000c3ab70:   0000005629280300 7f00000100000000
0x0000700000c3ab80:   000000382672a0d3 53706f547465671e
0x0000700000c3ab90:   6f4d72616c696d69 65526f5473656976
0x0000700000c3aba0:   00646e656d6d6f63 6a4c294928120000
0x0000700000c3abb0:   6c6974752f617661 0000003b70614d2f
0x0000700000c3abc0:   76616a4c29492839 4d2f6c6974752f61 

Instructions: (pc=0x000000010dc46d7c)
0x000000010dc46d5c:   40 48 48 85 c0 75 e0 30 c0 0f b6 c0 5d c3 31 c0
0x000000010dc46d6c:   5d c3 55 48 89 e5 53 48 83 ec 08 48 85 ff 74 24
0x000000010dc46d7c:   48 8b 1f 48 85 db 74 1c 48 83 fb 37 74 16 48 8b
0x000000010dc46d8c:   03 48 89 df ff 50 10 84 c0 b8 00 00 00 00 48 0f 

Register to memory mapping:

RAX=0x0000000000000001 is an unknown value
RBX=0x0000700000c3aa8b is pointing into the stack for thread: 0x00007fd3a1024800
RCX=0x000000010e015340: UseMembar+0 in /Library/Java/JavaVirtualMachines/jdk1.8.0_73.jdk/Contents/Home/jre/lib/server/libjvm.dylib at 0x000000010d800000
RDX=0x0000700000c3aa8b is pointing into the stack for thread: 0x00007fd3a1024800
RSP=0x0000700000c3a9d0 is pointing into the stack for thread: 0x00007fd3a1024800
RBP=0x0000700000c3a9e0 is pointing into the stack for thread: 0x00007fd3a1024800
RSI=0x00007fd3a1024800 is a thread
RDI=0x6f63655264657361 is an unknown value
R8 =0x0000000000000002 is an unknown value
R9 =0x0000000000000000 is an unknown value
R10=0x0000000000000003 is an unknown value
R11=0x00007fd3a0400000 is an unknown value
R12=0x00007fd3a1024800 is a thread
R13=0x6f63655264657361 is an unknown value
R14=0x6f63655264657361 is an unknown value
R15=0x00007fd3a04008a0 is an unknown value


Stack: [0x0000700000b3b000,0x0000700000c3b000],  sp=0x0000700000c3a9d0,  free space=1022k
Native frames: (J=compiled Java code, j=interpreted, Vv=VM code, C=native code)
V  [libjvm.dylib+0x446d7c]
V  [libjvm.dylib+0x355dda]
C  [libjdwp.dylib+0x20780]  isMethodSynthetic+0x63
C  [libjdwp.dylib+0x51f3]  methods1+0x10b
C  [libjdwp.dylib+0x52ec]  methodsWithGeneric+0xe
C  [libjdwp.dylib+0xe898]  debugLoop_run+0x1ce
C  [libjdwp.dylib+0x1f6ba]  attachThread+0x4d
V  [libjvm.dylib+0x397138]
V  [libjvm.dylib+0x561753]
V  [libjvm.dylib+0x562e4e]
V  [libjvm.dylib+0x4838a2]
C  [libsystem_pthread.dylib+0x3c13]  _pthread_body+0x83
C  [libsystem_pthread.dylib+0x3b90]  _pthread_body+0x0
C  [libsystem_pthread.dylib+0x1375]  thread_start+0xd
C  0x0000000000000000


---------------  P R O C E S S  ---------------

Java Threads: ( => current thread )
  0x00007fd3a1944800 JavaThread "Abandoned connection cleanup thread" daemon [_thread_blocked, id=21251, stack(0x0000700001353000,0x0000700001453000)]
  0x00007fd3a1062800 JavaThread "Service Thread" daemon [_thread_blocked, id=20227, stack(0x000070000114d000,0x000070000124d000)]
  0x00007fd3a1818000 JavaThread "C1 CompilerThread2" daemon [_thread_blocked, id=19715, stack(0x000070000104a000,0x000070000114a000)]
  0x00007fd3a102f800 JavaThread "C2 CompilerThread1" daemon [_thread_blocked, id=19203, stack(0x0000700000f47000,0x0000700001047000)]
  0x00007fd3a1813000 JavaThread "C2 CompilerThread0" daemon [_thread_blocked, id=18691, stack(0x0000700000e44000,0x0000700000f44000)]
  0x00007fd3a201e000 JavaThread "JDWP Command Reader" daemon [_thread_in_native, id=18179, stack(0x0000700000d41000,0x0000700000e41000)]
  0x00007fd3a1025000 JavaThread "JDWP Event Helper Thread" daemon [_thread_blocked, id=17667, stack(0x0000700000c3e000,0x0000700000d3e000)]
=>0x00007fd3a1024800 JavaThread "JDWP Transport Listener: dt_socket" daemon [_thread_in_vm, id=17155, stack(0x0000700000b3b000,0x0000700000c3b000)]
  0x00007fd3a1000000 JavaThread "Signal Dispatcher" daemon [_thread_blocked, id=12815, stack(0x0000700000a38000,0x0000700000b38000)]
  0x00007fd3a200f000 JavaThread "Finalizer" daemon [_thread_blocked, id=12291, stack(0x000070000082f000,0x000070000092f000)]
  0x00007fd3a200e800 JavaThread "Reference Handler" daemon [_thread_blocked, id=11779, stack(0x000070000072c000,0x000070000082c000)]
  0x00007fd3a0805000 JavaThread "main" [_thread_blocked, id=5891, stack(0x000070000011a000,0x000070000021a000)]

Other Threads:
  0x00007fd3a0833000 VMThread [stack: 0x0000700000629000,0x0000700000729000] [id=11267]
  0x00007fd3a201d000 WatcherThread [stack: 0x0000700001250000,0x0000700001350000] [id=20739]

VM state:not at safepoint (normal execution)

VM Mutex/Monitor currently owned by a thread: None

Heap:
 PSYoungGen      total 38400K, used 15417K [0x0000000795580000, 0x0000000798000000, 0x00000007c0000000)
  eden space 33280K, 46% used [0x0000000795580000,0x000000079648e640,0x0000000797600000)
  from space 5120K, 0% used [0x0000000797b00000,0x0000000797b00000,0x0000000798000000)
  to   space 5120K, 0% used [0x0000000797600000,0x0000000797600000,0x0000000797b00000)
 ParOldGen       total 87552K, used 0K [0x0000000740000000, 0x0000000745580000, 0x0000000795580000)
  object space 87552K, 0% used [0x0000000740000000,0x0000000740000000,0x0000000745580000)
 Metaspace       used 7505K, capacity 7624K, committed 7808K, reserved 1056768K
  class space    used 738K, capacity 788K, committed 896K, reserved 1048576K

Card table byte_map: [0x000000011db98000,0x000000011df99000] byte_map_base: 0x000000011a198000

Marking Bits: (ParMarkBitMap*) 0x000000010e0e3ea0
 Begin Bits: [0x000000011e244000, 0x0000000120244000)
 End Bits:   [0x0000000120244000, 0x0000000122244000)

Polling page: 0x000000010cfc6000

CodeCache: size=245760Kb used=2692Kb max_used=2705Kb free=243067Kb
 bounds [0x000000010e7d8000, 0x000000010ea88000, 0x000000011d7d8000]
 total_blobs=907 nmethods=561 adapters=268
 compilation: enabled

Compilation events (10 events):
Event: 1292.121 Thread 0x00007fd3a1818000 nmethod 601 0x000000010e90acd0 code [0x000000010e90b000, 0x000000010e90ca28]
Event: 1292.121 Thread 0x00007fd3a1818000  603       3       java.net.SocketInputStream::available (8 bytes)
Event: 1292.121 Thread 0x00007fd3a1818000 nmethod 603 0x000000010e8e2d10 code [0x000000010e8e2e80, 0x000000010e8e30a8]
Event: 1292.121 Thread 0x00007fd3a1818000  604  s!   3       java.net.AbstractPlainSocketImpl::available (82 bytes)
Event: 1292.123 Thread 0x00007fd3a1818000 nmethod 604 0x000000010e9f4e90 code [0x000000010e9f50e0, 0x000000010e9f6718]
Event: 1292.134 Thread 0x00007fd3a102f800 nmethod 597 0x000000010e8e4b10 code [0x000000010e8e4ce0, 0x000000010e8e5da8]
Event: 1292.167 Thread 0x00007fd3a1813000  605       4       sun.nio.cs.UTF_8$Decoder::decodeArrayLoop (691 bytes)
Event: 1292.167 Thread 0x00007fd3a1818000  606       3       com.mysql.jdbc.Field::getFullName (72 bytes)
Event: 1292.168 Thread 0x00007fd3a1818000 nmethod 606 0x000000010ea5ce90 code [0x000000010ea5d0c0, 0x000000010ea5df98]
Event: 1292.176 Thread 0x00007fd3a1813000 nmethod 605 0x000000010e8e1cd0 code [0x000000010e8e1e60, 0x000000010e8e2558]

GC Heap History (0 events):
No events

Deoptimization events (3 events):
Event: 0.229 Thread 0x00007fd3a0805000 Uncommon trap: reason=unstable_if action=reinterpret pc=0x000000010e8f3b0c method=java.lang.String.hashCode()I @ 14
Event: 3.241 Thread 0x00007fd3a0805000 Uncommon trap: reason=unstable_if action=reinterpret pc=0x000000010e950470 method=java.util.Properties.loadConvert([CII[C)Ljava/lang/String; @ 4
Event: 3.241 Thread 0x00007fd3a0805000 Uncommon trap: reason=unstable_if action=reinterpret pc=0x000000010e94ba58 method=java.util.Properties$LineReader.readLine()I @ 174

Internal exceptions (10 events):
Event: 3.008 Thread 0x00007fd3a0805000 Exception <a 'java/security/PrivilegedActionException'> (0x0000000795915930) thrown at [/HUDSON3/workspace/8-2-build-macosx-x86_64/jdk8u73/6086/hotspot/src/share/vm/prims/jvm.cpp, line 1386]
Event: 3.008 Thread 0x00007fd3a0805000 Exception <a 'java/security/PrivilegedActionException'> (0x0000000795915b40) thrown at [/HUDSON3/workspace/8-2-build-macosx-x86_64/jdk8u73/6086/hotspot/src/share/vm/prims/jvm.cpp, line 1386]
Event: 3.008 Thread 0x00007fd3a0805000 Exception <a 'java/security/PrivilegedActionException'> (0x0000000795916988) thrown at [/HUDSON3/workspace/8-2-build-macosx-x86_64/jdk8u73/6086/hotspot/src/share/vm/prims/jvm.cpp, line 1386]
Event: 3.008 Thread 0x00007fd3a0805000 Exception <a 'java/security/PrivilegedActionException'> (0x0000000795916b98) thrown at [/HUDSON3/workspace/8-2-build-macosx-x86_64/jdk8u73/6086/hotspot/src/share/vm/prims/jvm.cpp, line 1386]
Event: 3.008 Thread 0x00007fd3a0805000 Exception <a 'java/security/PrivilegedActionException'> (0x0000000795917990) thrown at [/HUDSON3/workspace/8-2-build-macosx-x86_64/jdk8u73/6086/hotspot/src/share/vm/prims/jvm.cpp, line 1386]
Event: 3.008 Thread 0x00007fd3a0805000 Exception <a 'java/security/PrivilegedActionException'> (0x0000000795917ba0) thrown at [/HUDSON3/workspace/8-2-build-macosx-x86_64/jdk8u73/6086/hotspot/src/share/vm/prims/jvm.cpp, line 1386]
Event: 3.012 Thread 0x00007fd3a0805000 Exception <a 'java/security/PrivilegedActionException'> (0x000000079593ef48) thrown at [/HUDSON3/workspace/8-2-build-macosx-x86_64/jdk8u73/6086/hotspot/src/share/vm/prims/jvm.cpp, line 1386]
Event: 3.012 Thread 0x00007fd3a0805000 Exception <a 'java/security/PrivilegedActionException'> (0x000000079593f158) thrown at [/HUDSON3/workspace/8-2-build-macosx-x86_64/jdk8u73/6086/hotspot/src/share/vm/prims/jvm.cpp, line 1386]
Event: 3.012 Thread 0x00007fd3a0805000 Exception <a 'java/security/PrivilegedActionException'> (0x000000079593ff80) thrown at [/HUDSON3/workspace/8-2-build-macosx-x86_64/jdk8u73/6086/hotspot/src/share/vm/prims/jvm.cpp, line 1386]
Event: 3.013 Thread 0x00007fd3a0805000 Exception <a 'java/security/PrivilegedActionException'> (0x0000000795940190) thrown at [/HUDSON3/workspace/8-2-build-macosx-x86_64/jdk8u73/6086/hotspot/src/share/vm/prims/jvm.cpp, line 1386]

Events (10 events):
Event: 1330.499 Executing VM operation: GetCurrentLocation
Event: 1330.499 Executing VM operation: GetCurrentLocation done
Event: 1330.499 Executing VM operation: EnterInterpOnlyMode
Event: 1330.499 Executing VM operation: EnterInterpOnlyMode done
Event: 1330.499 Executing VM operation: ChangeSingleStep
Event: 1330.499 Executing VM operation: ChangeSingleStep done
Event: 1330.499 Executing VM operation: ChangeSingleStep
Event: 1330.499 Executing VM operation: ChangeSingleStep done
Event: 1330.502 Executing VM operation: RedefineClasses
Event: 1330.506 Executing VM operation: RedefineClasses done


Dynamic libraries:
0x0000000006bbb000 	/System/Library/Frameworks/Cocoa.framework/Versions/A/Cocoa
0x0000000006bbb000 	/System/Library/Frameworks/Security.framework/Versions/A/Security
0x0000000006bbb000 	/System/Library/Frameworks/ApplicationServices.framework/Versions/A/ApplicationServices
0x0000000006bbb000 	/usr/lib/libz.1.dylib
0x0000000006bbb000 	/usr/lib/libSystem.B.dylib
0x0000000006bbb000 	/usr/lib/libobjc.A.dylib
0x0000000006bbb000 	/System/Library/Frameworks/CoreFoundation.framework/Versions/A/CoreFoundation
0x0000000006bbb000 	/System/Library/Frameworks/Foundation.framework/Versions/C/Foundation
0x0000000006bbb000 	/System/Library/Frameworks/AppKit.framework/Versions/C/AppKit
0x0000000006bbb000 	/System/Library/Frameworks/CoreData.framework/Versions/A/CoreData
0x0000000006bbb000 	/System/Library/PrivateFrameworks/RemoteViewServices.framework/Versions/A/RemoteViewServices
0x0000000006bbb000 	/System/Library/PrivateFrameworks/UIFoundation.framework/Versions/A/UIFoundation
0x0000000006bbb000 	/usr/lib/libScreenReader.dylib
0x0000000006bbb000 	/System/Library/Frameworks/Accelerate.framework/Versions/A/Accelerate
0x0000000006bbb000 	/System/Library/Frameworks/IOSurface.framework/Versions/A/IOSurface
0x0000000006bbb000 	/System/Library/Frameworks/AudioToolbox.framework/Versions/A/AudioToolbox
0x0000000006bbb000 	/System/Library/Frameworks/AudioUnit.framework/Versions/A/AudioUnit
0x0000000006bbb000 	/System/Library/PrivateFrameworks/DataDetectorsCore.framework/Versions/A/DataDetectorsCore
0x0000000006bbb000 	/System/Library/PrivateFrameworks/DesktopServicesPriv.framework/Versions/A/DesktopServicesPriv
0x0000000006bbb000 	/System/Library/Frameworks/Carbon.framework/Versions/A/Frameworks/HIToolbox.framework/Versions/A/HIToolbox
0x0000000006bbb000 	/System/Library/Frameworks/QuartzCore.framework/Versions/A/QuartzCore
0x0000000006bbb000 	/System/Library/Frameworks/Carbon.framework/Versions/A/Frameworks/SpeechRecognition.framework/Versions/A/SpeechRecognition
0x0000000006bbb000 	/usr/lib/libauto.dylib
0x0000000006bbb000 	/usr/lib/libicucore.A.dylib
0x0000000006bbb000 	/usr/lib/libxml2.2.dylib
0x0000000006bbb000 	/System/Library/PrivateFrameworks/CoreUI.framework/Versions/A/CoreUI
0x0000000006bbb000 	/System/Library/Frameworks/CoreAudio.framework/Versions/A/CoreAudio
0x0000000006bbb000 	/System/Library/Frameworks/DiskArbitration.framework/Versions/A/DiskArbitration
0x0000000006bbb000 	/usr/lib/liblangid.dylib
0x0000000006bbb000 	/System/Library/PrivateFrameworks/MultitouchSupport.framework/Versions/A/MultitouchSupport
0x0000000006bbb000 	/System/Library/Frameworks/IOKit.framework/Versions/A/IOKit
0x0000000006bbb000 	/usr/lib/libDiagnosticMessagesClient.dylib
0x0000000006bbb000 	/System/Library/Frameworks/CoreServices.framework/Versions/A/CoreServices
0x0000000006bbb000 	/System/Library/PrivateFrameworks/PerformanceAnalysis.framework/Versions/A/PerformanceAnalysis
0x0000000006bbb000 	/System/Library/PrivateFrameworks/GenerationalStorage.framework/Versions/A/GenerationalStorage
0x0000000006bbb000 	/System/Library/Frameworks/OpenGL.framework/Versions/A/OpenGL
0x0000000006bbb000 	/System/Library/PrivateFrameworks/Sharing.framework/Versions/A/Sharing
0x0000000006bbb000 	/System/Library/Frameworks/CoreGraphics.framework/Versions/A/CoreGraphics
0x0000000006bbb000 	/System/Library/Frameworks/CoreImage.framework/Versions/A/CoreImage
0x0000000006bbb000 	/System/Library/Frameworks/CoreText.framework/Versions/A/CoreText
0x0000000006bbb000 	/System/Library/Frameworks/ImageIO.framework/Versions/A/ImageIO
0x0000000006bbb000 	/System/Library/PrivateFrameworks/Backup.framework/Versions/A/Backup
0x0000000006bbb000 	/usr/lib/libextension.dylib
0x0000000006bbb000 	/usr/lib/libarchive.2.dylib
0x0000000006bbb000 	/System/Library/Frameworks/CFNetwork.framework/Versions/A/CFNetwork
0x0000000006bbb000 	/System/Library/Frameworks/SystemConfiguration.framework/Versions/A/SystemConfiguration
0x0000000006bbb000 	/usr/lib/libCRFSuite.dylib
0x0000000006bbb000 	/usr/lib/libc++.1.dylib
0x0000000006bbb000 	/usr/lib/libc++abi.dylib
0x0000000006bbb000 	/usr/lib/system/libcache.dylib
0x0000000006bbb000 	/usr/lib/system/libcommonCrypto.dylib
0x0000000006bbb000 	/usr/lib/system/libcompiler_rt.dylib
0x0000000006bbb000 	/usr/lib/system/libcopyfile.dylib
0x0000000006bbb000 	/usr/lib/system/libcorecrypto.dylib
0x0000000006bbb000 	/usr/lib/system/libdispatch.dylib
0x0000000006bbb000 	/usr/lib/system/libdyld.dylib
0x0000000006bbb000 	/usr/lib/system/libkeymgr.dylib
0x0000000006bbb000 	/usr/lib/system/liblaunch.dylib
0x0000000006bbb000 	/usr/lib/system/libmacho.dylib
0x0000000006bbb000 	/usr/lib/system/libquarantine.dylib
0x0000000006bbb000 	/usr/lib/system/libremovefile.dylib
0x0000000006bbb000 	/usr/lib/system/libsystem_asl.dylib
0x0000000006bbb000 	/usr/lib/system/libsystem_blocks.dylib
0x0000000006bbb000 	/usr/lib/system/libsystem_c.dylib
0x0000000006bbb000 	/usr/lib/system/libsystem_configuration.dylib
0x0000000006bbb000 	/usr/lib/system/libsystem_coreservices.dylib
0x0000000006bbb000 	/usr/lib/system/libsystem_coretls.dylib
0x0000000006bbb000 	/usr/lib/system/libsystem_dnssd.dylib
0x0000000006bbb000 	/usr/lib/system/libsystem_info.dylib
0x0000000006bbb000 	/usr/lib/system/libsystem_kernel.dylib
0x0000000006bbb000 	/usr/lib/system/libsystem_m.dylib
0x0000000006bbb000 	/usr/lib/system/libsystem_malloc.dylib
0x0000000006bbb000 	/usr/lib/system/libsystem_network.dylib
0x0000000006bbb000 	/usr/lib/system/libsystem_networkextension.dylib
0x0000000006bbb000 	/usr/lib/system/libsystem_notify.dylib
0x0000000006bbb000 	/usr/lib/system/libsystem_platform.dylib
0x0000000006bbb000 	/usr/lib/system/libsystem_pthread.dylib
0x0000000006bbb000 	/usr/lib/system/libsystem_sandbox.dylib
0x0000000006bbb000 	/usr/lib/system/libsystem_secinit.dylib
0x0000000006bbb000 	/usr/lib/system/libsystem_trace.dylib
0x0000000006bbb000 	/usr/lib/system/libunc.dylib
0x0000000006bbb000 	/usr/lib/system/libunwind.dylib
0x0000000006bbb000 	/usr/lib/system/libxpc.dylib
0x0000000006bbb000 	/usr/lib/libenergytrace.dylib
0x0000000006bbb000 	/usr/lib/libbsm.0.dylib
0x0000000006bbb000 	/usr/lib/system/libkxld.dylib
0x0000000006bbb000 	/usr/lib/libxar.1.dylib
0x0000000006bbb000 	/usr/lib/libsqlite3.dylib
0x0000000006bbb000 	/usr/lib/libpam.2.dylib
0x0000000006bbb000 	/usr/lib/libOpenScriptingUtil.dylib
0x0000000006bbb000 	/usr/lib/libbz2.1.0.dylib
0x0000000006bbb000 	/usr/lib/liblzma.5.dylib
0x0000000006bbb000 	/System/Library/Frameworks/CoreServices.framework/Versions/A/Frameworks/FSEvents.framework/Versions/A/FSEvents
0x0000000006bbb000 	/System/Library/Frameworks/CoreServices.framework/Versions/A/Frameworks/CarbonCore.framework/Versions/A/CarbonCore
0x0000000006bbb000 	/System/Library/Frameworks/CoreServices.framework/Versions/A/Frameworks/Metadata.framework/Versions/A/Metadata
0x0000000006bbb000 	/System/Library/Frameworks/CoreServices.framework/Versions/A/Frameworks/OSServices.framework/Versions/A/OSServices
0x0000000006bbb000 	/System/Library/Frameworks/CoreServices.framework/Versions/A/Frameworks/SearchKit.framework/Versions/A/SearchKit
0x0000000006bbb000 	/System/Library/Frameworks/CoreServices.framework/Versions/A/Frameworks/AE.framework/Versions/A/AE
0x0000000006bbb000 	/System/Library/Frameworks/CoreServices.framework/Versions/A/Frameworks/LaunchServices.framework/Versions/A/LaunchServices
0x0000000006bbb000 	/System/Library/Frameworks/CoreServices.framework/Versions/A/Frameworks/DictionaryServices.framework/Versions/A/DictionaryServices
0x0000000006bbb000 	/System/Library/Frameworks/CoreServices.framework/Versions/A/Frameworks/SharedFileList.framework/Versions/A/SharedFileList
0x0000000006bbb000 	/System/Library/Frameworks/NetFS.framework/Versions/A/NetFS
0x0000000006bbb000 	/System/Library/PrivateFrameworks/NetAuth.framework/Versions/A/NetAuth
0x0000000006bbb000 	/System/Library/PrivateFrameworks/login.framework/Versions/A/Frameworks/loginsupport.framework/Versions/A/loginsupport
0x0000000006bbb000 	/System/Library/PrivateFrameworks/TCC.framework/Versions/A/TCC
0x0000000006bbb000 	/usr/lib/libmecabra.dylib
0x0000000006bbb000 	/System/Library/Frameworks/ApplicationServices.framework/Versions/A/Frameworks/ATS.framework/Versions/A/ATS
0x0000000006bbb000 	/System/Library/Frameworks/ApplicationServices.framework/Versions/A/Frameworks/ColorSync.framework/Versions/A/ColorSync
0x0000000006bbb000 	/System/Library/Frameworks/ApplicationServices.framework/Versions/A/Frameworks/HIServices.framework/Versions/A/HIServices
0x0000000006bbb000 	/System/Library/Frameworks/ApplicationServices.framework/Versions/A/Frameworks/LangAnalysis.framework/Versions/A/LangAnalysis
0x0000000006bbb000 	/System/Library/Frameworks/ApplicationServices.framework/Versions/A/Frameworks/PrintCore.framework/Versions/A/PrintCore
0x0000000006bbb000 	/System/Library/Frameworks/ApplicationServices.framework/Versions/A/Frameworks/QD.framework/Versions/A/QD
0x0000000006bbb000 	/System/Library/Frameworks/ApplicationServices.framework/Versions/A/Frameworks/SpeechSynthesis.framework/Versions/A/SpeechSynthesis
0x0000000006bbb000 	/System/Library/Frameworks/Metal.framework/Versions/A/Metal
0x0000000006bbb000 	/System/Library/Frameworks/Accelerate.framework/Versions/A/Frameworks/vImage.framework/Versions/A/vImage
0x0000000006bbb000 	/System/Library/Frameworks/Accelerate.framework/Versions/A/Frameworks/vecLib.framework/Versions/A/vecLib
0x0000000006bbb000 	/System/Library/Frameworks/Accelerate.framework/Versions/A/Frameworks/vecLib.framework/Versions/A/libvDSP.dylib
0x0000000006bbb000 	/System/Library/Frameworks/Accelerate.framework/Versions/A/Frameworks/vecLib.framework/Versions/A/libvMisc.dylib
0x0000000006bbb000 	/System/Library/Frameworks/Accelerate.framework/Versions/A/Frameworks/vecLib.framework/Versions/A/libLAPACK.dylib
0x0000000006bbb000 	/System/Library/Frameworks/Accelerate.framework/Versions/A/Frameworks/vecLib.framework/Versions/A/libBLAS.dylib
0x0000000006bbb000 	/System/Library/Frameworks/Accelerate.framework/Versions/A/Frameworks/vecLib.framework/Versions/A/libLinearAlgebra.dylib
0x0000000006bbb000 	/System/Library/Frameworks/Accelerate.framework/Versions/A/Frameworks/vecLib.framework/Versions/A/libSparseBLAS.dylib
0x0000000006bbb000 	/System/Library/PrivateFrameworks/GPUCompiler.framework/libmetal_timestamp.dylib
0x0000000006bbb000 	/System/Library/Frameworks/OpenGL.framework/Versions/A/Libraries/libCoreFSCache.dylib
0x0000000006bbb000 	/System/Library/PrivateFrameworks/IOAccelerator.framework/Versions/A/IOAccelerator
0x0000000006bbb000 	/System/Library/Frameworks/ApplicationServices.framework/Versions/A/Frameworks/ATS.framework/Versions/A/Resources/libFontParser.dylib
0x0000000006bbb000 	/System/Library/Frameworks/ApplicationServices.framework/Versions/A/Frameworks/ATS.framework/Versions/A/Resources/libFontRegistry.dylib
0x0000000006bbb000 	/System/Library/PrivateFrameworks/AppleVPA.framework/Versions/A/AppleVPA
0x0000000006bbb000 	/System/Library/PrivateFrameworks/AppleJPEG.framework/Versions/A/AppleJPEG
0x0000000006bbb000 	/System/Library/Frameworks/ImageIO.framework/Versions/A/Resources/libJPEG.dylib
0x0000000006bbb000 	/System/Library/Frameworks/ImageIO.framework/Versions/A/Resources/libTIFF.dylib
0x0000000006bbb000 	/System/Library/Frameworks/ImageIO.framework/Versions/A/Resources/libPng.dylib
0x0000000006bbb000 	/System/Library/Frameworks/ImageIO.framework/Versions/A/Resources/libGIF.dylib
0x0000000006bbb000 	/System/Library/Frameworks/ImageIO.framework/Versions/A/Resources/libJP2.dylib
0x0000000006bbb000 	/System/Library/Frameworks/ImageIO.framework/Versions/A/Resources/libRadiance.dylib
0x0000000006bbb000 	/System/Library/Frameworks/CoreVideo.framework/Versions/A/CoreVideo
0x0000000006bbb000 	/System/Library/Frameworks/OpenGL.framework/Versions/A/Libraries/libGLU.dylib
0x0000000006bbb000 	/System/Library/Frameworks/OpenGL.framework/Versions/A/Libraries/libGFXShared.dylib
0x0000000006bbb000 	/System/Library/Frameworks/OpenGL.framework/Versions/A/Libraries/libGL.dylib
0x0000000006bbb000 	/System/Library/Frameworks/OpenGL.framework/Versions/A/Libraries/libGLImage.dylib
0x0000000006bbb000 	/System/Library/Frameworks/OpenGL.framework/Versions/A/Libraries/libCVMSPluginSupport.dylib
0x0000000006bbb000 	/System/Library/Frameworks/OpenGL.framework/Versions/A/Libraries/libCoreVMClient.dylib
0x0000000006bbb000 	/usr/lib/libcups.2.dylib
0x0000000006bbb000 	/System/Library/Frameworks/Kerberos.framework/Versions/A/Kerberos
0x0000000006bbb000 	/System/Library/Frameworks/GSS.framework/Versions/A/GSS
0x0000000006bbb000 	/usr/lib/libresolv.9.dylib
0x0000000006bbb000 	/usr/lib/libiconv.2.dylib
0x0000000006bbb000 	/System/Library/PrivateFrameworks/Heimdal.framework/Versions/A/Heimdal
0x0000000006bbb000 	/usr/lib/libheimdal-asn1.dylib
0x0000000006bbb000 	/System/Library/Frameworks/OpenDirectory.framework/Versions/A/OpenDirectory
0x0000000006bbb000 	/System/Library/PrivateFrameworks/CommonAuth.framework/Versions/A/CommonAuth
0x0000000006bbb000 	/System/Library/Frameworks/OpenDirectory.framework/Versions/A/Frameworks/CFOpenDirectory.framework/Versions/A/CFOpenDirectory
0x0000000006bbb000 	/System/Library/Frameworks/SecurityFoundation.framework/Versions/A/SecurityFoundation
0x0000000006bbb000 	/System/Library/PrivateFrameworks/LanguageModeling.framework/Versions/A/LanguageModeling
0x0000000006bbb000 	/usr/lib/libmarisa.dylib
0x0000000006bbb000 	/usr/lib/libChineseTokenizer.dylib
0x0000000006bbb000 	/usr/lib/libcmph.dylib
0x0000000006bbb000 	/usr/lib/libcompression.dylib
0x0000000006bbb000 	/System/Library/Frameworks/ServiceManagement.framework/Versions/A/ServiceManagement
0x0000000006bbb000 	/usr/lib/libxslt.1.dylib
0x0000000006bbb000 	/System/Library/Frameworks/Carbon.framework/Versions/A/Frameworks/Ink.framework/Versions/A/Ink
0x0000000006bbb000 	/usr/lib/libFosl_dynamic.dylib
0x0000000006bbb000 	/System/Library/PrivateFrameworks/FaceCore.framework/Versions/A/FaceCore
0x0000000006bbb000 	/System/Library/Frameworks/OpenCL.framework/Versions/A/OpenCL
0x0000000006bbb000 	/System/Library/PrivateFrameworks/CrashReporterSupport.framework/Versions/A/CrashReporterSupport
0x0000000006bbb000 	/System/Library/PrivateFrameworks/IconServices.framework/Versions/A/IconServices
0x0000000006bbb000 	/System/Library/PrivateFrameworks/Apple80211.framework/Versions/A/Apple80211
0x0000000006bbb000 	/System/Library/Frameworks/CoreWLAN.framework/Versions/A/CoreWLAN
0x0000000006bbb000 	/System/Library/Frameworks/IOBluetooth.framework/Versions/A/IOBluetooth
0x0000000006bbb000 	/System/Library/PrivateFrameworks/CoreWiFi.framework/Versions/A/CoreWiFi
0x0000000006bbb000 	/System/Library/Frameworks/CoreBluetooth.framework/Versions/A/CoreBluetooth
0x0000000006bbb000 	/System/Library/PrivateFrameworks/ChunkingLibrary.framework/Versions/A/ChunkingLibrary
0x0000000006bbb000 	/System/Library/PrivateFrameworks/DebugSymbols.framework/Versions/A/DebugSymbols
0x0000000006bbb000 	/System/Library/PrivateFrameworks/CoreSymbolication.framework/Versions/A/CoreSymbolication
0x0000000006bbb000 	/System/Library/PrivateFrameworks/Symbolication.framework/Versions/A/Symbolication
0x0000000006bbb000 	/System/Library/PrivateFrameworks/SpeechRecognitionCore.framework/Versions/A/SpeechRecognitionCore
0x000000010d800000 	/Library/Java/JavaVirtualMachines/jdk1.8.0_73.jdk/Contents/Home/jre/lib/server/libjvm.dylib
0x0000000006bbb000 	/usr/lib/libstdc++.6.dylib
0x000000010cf83000 	/Library/Java/JavaVirtualMachines/jdk1.8.0_73.jdk/Contents/Home/jre/lib/libverify.dylib
0x000000010cf91000 	/Library/Java/JavaVirtualMachines/jdk1.8.0_73.jdk/Contents/Home/jre/lib/libjava.dylib
0x000000010e78d000 	/Library/Java/JavaVirtualMachines/jdk1.8.0_73.jdk/Contents/Home/jre/lib/libjdwp.dylib
0x000000010cfc7000 	/Library/Java/JavaVirtualMachines/jdk1.8.0_73.jdk/Contents/Home/jre/lib/libnpt.dylib
0x000000010cfd4000 	/Library/Java/JavaVirtualMachines/jdk1.8.0_73.jdk/Contents/Home/jre/lib/libzip.dylib
0x000000012411a000 	/System/Library/Frameworks/JavaVM.framework/Frameworks/JavaRuntimeSupport.framework/JavaRuntimeSupport
0x0000000124135000 	/System/Library/Frameworks/JavaVM.framework/Versions/A/Frameworks/JavaNativeFoundation.framework/Versions/A/JavaNativeFoundation
0x000000012414a000 	/System/Library/Frameworks/JavaVM.framework/Versions/A/JavaVM
0x0000000006bbb000 	/System/Library/Frameworks/Carbon.framework/Versions/A/Carbon
0x0000000124157000 	/System/Library/PrivateFrameworks/JavaLaunching.framework/Versions/A/JavaLaunching
0x0000000006bbb000 	/System/Library/Frameworks/Carbon.framework/Versions/A/Frameworks/CommonPanels.framework/Versions/A/CommonPanels
0x0000000006bbb000 	/System/Library/Frameworks/Carbon.framework/Versions/A/Frameworks/Help.framework/Versions/A/Help
0x0000000006bbb000 	/System/Library/Frameworks/Carbon.framework/Versions/A/Frameworks/ImageCapture.framework/Versions/A/ImageCapture
0x0000000006bbb000 	/System/Library/Frameworks/Carbon.framework/Versions/A/Frameworks/OpenScripting.framework/Versions/A/OpenScripting
0x0000000006bbb000 	/System/Library/Frameworks/Carbon.framework/Versions/A/Frameworks/Print.framework/Versions/A/Print
0x0000000006bbb000 	/System/Library/Frameworks/Carbon.framework/Versions/A/Frameworks/SecurityHI.framework/Versions/A/SecurityHI
0x0000000125a76000 	/Library/Java/JavaVirtualMachines/jdk1.8.0_73.jdk/Contents/Home/jre/lib/libdt_socket.dylib
0x0000000125de3000 	/Library/Java/JavaVirtualMachines/jdk1.8.0_73.jdk/Contents/Home/jre/lib/libnet.dylib

VM Arguments:
jvm_args: -agentlib:jdwp=transport=dt_socket,suspend=y,address=localhost:63695 -Dfile.encoding=UTF-8 
java_command: com.recommender.contentbasedRecommender.ContentBasedRecommenderClient
java_class_path (initial): /Users/rainashastri/Dropbox/sts-workspace/CMPE-239/CMPE-239_RecommenderSystems/ContentBasedRecommendations/contentbasedRecommender/target/classes:/Users/rainashastri/.m2/repository/org/apache/mahout/mahout-core/0.9/mahout-core-0.9.jar:/Users/rainashastri/.m2/repository/org/apache/mahout/mahout-math/0.9/mahout-math-0.9.jar:/Users/rainashastri/.m2/repository/com/google/guava/guava/16.0/guava-16.0.jar:/Users/rainashastri/.m2/repository/org/codehaus/jackson/jackson-core-asl/1.9.12/jackson-core-asl-1.9.12.jar:/Users/rainashastri/.m2/repository/org/codehaus/jackson/jackson-mapper-asl/1.9.12/jackson-mapper-asl-1.9.12.jar:/Users/rainashastri/.m2/repository/org/slf4j/slf4j-api/1.7.5/slf4j-api-1.7.5.jar:/Users/rainashastri/.m2/repository/org/apache/commons/commons-lang3/3.1/commons-lang3-3.1.jar:/Users/rainashastri/.m2/repository/com/thoughtworks/xstream/xstream/1.4.4/xstream-1.4.4.jar:/Users/rainashastri/.m2/repository/xmlpull/xmlpull/1.1.3.1/xmlpull-1.1.3.1.jar:/Users/rainashastri/.m2/repository/xpp3/xpp3_min/1.1.4c/xpp3_min-1.1.4c.jar:/Users/rainashastri/.m2/repository/org/apache/lucene/lucene-core/4.6.1/lucene-core-4.6.1.jar:/Users/rainashastri/.m2/repository/org/apache/lucene/lucene-analyzers-common/4.6.1/lucene-analyzers-common-4.6.1.jar:/Users/rainashastri/.m2/repository/org/apache/mahout/commons/commons-cli/2.0-mahout/commons-cli-2.0-mahout.jar:/Users/rainashastri/.m2/repository/org/apache/commons/commons-math3/3.2/commons-math3-3.2.jar:/Users/rainashastri/.m2/repository/org/apache/solr/solr-commons-csv/3.5.0/solr-commons-csv-3.5.0.jar:/Users/rainashastri/.m2/repository/org/apache/hadoop/hadoop-core/1.2.1/hadoop-core-1.2.1.jar:/Users/rainashastri/.m2/repository/commons-cli/commons-cli/1.2/commons-cli-1.2.jar:/Users/rainashastri/.m2/repository/com/sun/jersey/jersey-core/1.8/jersey-core-1.8.jar:/Users/rainashastri/.m2/repository/com/sun/jersey/jersey-json/1.8/jersey-json-1.8.jar:/Users/rainashastri/.m2/repository/org/codehaus/jettison/jettis
Launcher Type: SUN_STANDARD

Environment Variables:
PATH=/usr/bin:/bin:/usr/sbin:/sbin
SHELL=/bin/bash

Signal Handlers:
SIGSEGV: [libjvm.dylib+0x5a71a5], sa_mask[0]=11111111011111110111111111111111, sa_flags=SA_ONSTACK|SA_RESTART|SA_SIGINFO
SIGBUS: [libjvm.dylib+0x5a71a5], sa_mask[0]=11111111011111110111111111111111, sa_flags=SA_RESTART|SA_SIGINFO
SIGFPE: [libjvm.dylib+0x480eb4], sa_mask[0]=11111111011111110111111111111111, sa_flags=SA_RESTART|SA_SIGINFO
SIGPIPE: [libjvm.dylib+0x480eb4], sa_mask[0]=11111111011111110111111111111111, sa_flags=SA_RESTART|SA_SIGINFO
SIGXFSZ: [libjvm.dylib+0x480eb4], sa_mask[0]=11111111011111110111111111111111, sa_flags=SA_RESTART|SA_SIGINFO
SIGILL: [libjvm.dylib+0x480eb4], sa_mask[0]=11111111011111110111111111111111, sa_flags=SA_RESTART|SA_SIGINFO
SIGUSR1: SIG_DFL, sa_mask[0]=00000000000000000000000000000000, sa_flags=none
SIGUSR2: [libjvm.dylib+0x4809d2], sa_mask[0]=00100000000000000000000000000000, sa_flags=SA_RESTART|SA_SIGINFO
SIGHUP: [libjvm.dylib+0x47efa9], sa_mask[0]=11111111011111110111111111111111, sa_flags=SA_RESTART|SA_SIGINFO
SIGINT: [libjvm.dylib+0x47efa9], sa_mask[0]=11111111011111110111111111111111, sa_flags=SA_RESTART|SA_SIGINFO
SIGTERM: [libjvm.dylib+0x47efa9], sa_mask[0]=11111111011111110111111111111111, sa_flags=SA_RESTART|SA_SIGINFO
SIGQUIT: [libjvm.dylib+0x47efa9], sa_mask[0]=11111111011111110111111111111111, sa_flags=SA_RESTART|SA_SIGINFO


---------------  S Y S T E M  ---------------

OS:Bsduname:Darwin 15.2.0 Darwin Kernel Version 15.2.0: Fri Nov 13 19:56:56 PST 2015; root:xnu-3248.20.55~2/RELEASE_X86_64 x86_64
rlimit: STACK 8192k, CORE 0k, NPROC 709, NOFILE 10240, AS infinity
load average:2.47 2.17 2.01

CPU:total 4 (2 cores per cpu, 2 threads per core) family 6 model 61 stepping 4, cmov, cx8, fxsr, mmx, sse, sse2, sse3, ssse3, sse4.1, sse4.2, popcnt, avx, avx2, aes, clmul, erms, 3dnowpref, lzcnt, ht, tsc, tscinvbit, bmi1, bmi2, adx

Memory: 4k page, physical 8388608k(47428k free)

/proc/meminfo:


vm_info: Java HotSpot(TM) 64-Bit Server VM (25.73-b02) for bsd-amd64 JRE (1.8.0_73-b02), built on Jan 29 2016 15:02:00 by "java_re" with gcc 4.2.1 (Based on Apple Inc. build 5658) (LLVM build 2336.11.00)

time: Thu Apr 14 13:47:22 2016
elapsed time: 1330 seconds (0d 0h 22m 10s)

